<?xml version="1.0" encoding="UTF-8"?>
<testng-results total="1" passed="1" failed="0" skipped="0">
  <reporter-output>
  </reporter-output>
  <suite started-at="2021-05-01T00:02:42Z" name="Suite" finished-at="2021-05-01T00:02:48Z" duration-ms="6218">
    <groups>
    </groups>
    <test started-at="2021-05-01T00:02:42Z" name="Test" finished-at="2021-05-01T00:02:48Z" duration-ms="6218">
      <class name="com.todos.tests.AddTodosTest">
        <test-method is-config="true" signature="setupTest(java.lang.String)[pri:0, instance:com.todos.tests.AddTodosTest@1205bd62]" started-at="2021-05-01T01:02:42Z" name="setupTest" finished-at="2021-05-01T01:02:46Z" duration-ms="3947" status="PASS">
          <params>
            <param index="0">
              <value>
                <![CDATA[chrome]]>
              </value>
            </param>
          </params>
          <reporter-output>
          </reporter-output>
        </test-method> <!-- setupTest -->
        <test-method signature="iCanAddTodo()[pri:0, instance:com.todos.tests.AddTodosTest@1205bd62]" started-at="2021-05-01T01:02:46Z" name="iCanAddTodo" finished-at="2021-05-01T01:02:46Z" duration-ms="392" status="PASS">
          <reporter-output>
          </reporter-output>
        </test-method> <!-- iCanAddTodo -->
        <test-method is-config="true" signature="cleanTest()[pri:0, instance:com.todos.tests.AddTodosTest@1205bd62]" started-at="2021-05-01T01:02:46Z" name="cleanTest" finished-at="2021-05-01T01:02:48Z" duration-ms="1860" status="PASS">
          <reporter-output>
          </reporter-output>
        </test-method> <!-- cleanTest -->
      </class> <!-- com.todos.tests.AddTodosTest -->
    </test> <!-- Test -->
  </suite> <!-- Suite -->
</testng-results>
